2020-05-20T17:47:36.973-0500 INFO ....MarkMessage register > chatMessage.getSender: AAA
2020-05-20T17:47:36.974-0500 INFO ....MarkMessage register > chatMessage.getContent: null
2020-05-20T17:47:36.974-0500 INFO ....MarkMessage register > chatMessage.getType: JOIN
2020-05-20T17:47:39.513-0500 INFO ....MarkMessage register > chatMessage.getSender: AAAAAA
2020-05-20T17:47:39.514-0500 INFO ....MarkMessage register > chatMessage.getContent: null
2020-05-20T17:47:39.514-0500 INFO ....MarkMessage register > chatMessage.getType: JOIN
2020-05-20T17:47:49.190-0500 INFO ....MarkMessage sendMessage > MarkMessage.getSender: AAA
2020-05-20T17:47:49.191-0500 INFO ....MarkMessage sendMessage > MarkMessage.getContent: 11724,M4b0wLU8IJ,fNY3Bl16A06b,1,163621
2020-05-20T17:47:49.191-0500 INFO ....MarkMessage sendMessage > MarkMessage.getType: CHAT
2020-05-20T17:47:49.191-0500 INFO ....MarkMessage sendMessage > MarkMessage.getSender: AAA
2020-05-20T17:47:49.191-0500 INFO ....MarkMessage sendMessage > MarkMessage.getContent: 34982,XBdZLKAvA0,U0eWH7SOss8Y,2,019658
2020-05-20T17:47:49.191-0500 INFO ....MarkMessage sendMessage > MarkMessage.getType: CHAT
2020-05-20T17:47:49.191-0500 INFO ....MarkMessage sendMessage > MarkMessage.getSender: AAA
2020-05-20T17:47:49.191-0500 INFO ....MarkMessage sendMessage > MarkMessage.getContent: 96183,Yyw5Mul44Y,hCHhs0zjTte5,1,222588
2020-05-20T17:47:49.191-0500 INFO ....MarkMessage sendMessage > MarkMessage.getType: CHAT
2020-05-20T17:47:49.191-0500 INFO ....MarkMessage sendMessage > MarkMessage.getSender: AAA
2020-05-20T17:47:49.192-0500 INFO ....MarkMessage sendMessage > MarkMessage.getContent: 44677,Q1Sc7yEerg,NhOY8BJGImtT,3,914747
2020-05-20T17:47:49.193-0500 INFO ....MarkMessage sendMessage > MarkMessage.getType: CHAT
2020-05-20T17:47:49.208-0500 INFO ....MarkMessage receivedMessage > MarkMessage.getSender: AAA
2020-05-20T17:47:49.209-0500 INFO ....MarkMessage receivedMessage > MarkMessage.getContent: 34982,XBdZLKAvA0,U0eWH7SOss8Y,2,019658
2020-05-20T17:47:49.209-0500 INFO ....MarkMessage receivedMessage > dameRegistroCadena1,MarkMessage.getContent: 34982
2020-05-20T17:47:49.209-0500 INFO ....MarkMessage receivedMessage > dameRegistroCadena2,MarkMessage.getContent: XBdZLKAvA0
2020-05-20T17:47:49.209-0500 INFO ....MarkMessage receivedMessage > dameRegistroCadena3,MarkMessage.getContent: U0eWH7SOss8Y
2020-05-20T17:47:49.209-0500 INFO ....MarkMessage receivedMessage > dameRegistroCadena4,MarkMessage.getContent: 2
2020-05-20T17:47:49.209-0500 INFO ....MarkMessage receivedMessage > dameRegistroCadenaa5,MarkMessage.getContent: 019658
2020-05-20T17:47:49.210-0500 INFO ....MarkMessage receivedMessage > MarkMessage.getType: CHAT
2020-05-20T17:47:49.221-0500 INFO ....MarkMessage receivedMessage > MarkMessage.getSender: AAA
2020-05-20T17:47:49.221-0500 INFO ....MarkMessage receivedMessage > MarkMessage.getContent: 96183,Yyw5Mul44Y,hCHhs0zjTte5,1,222588
2020-05-20T17:47:49.221-0500 INFO ....MarkMessage receivedMessage > dameRegistroCadena1,MarkMessage.getContent: 96183
2020-05-20T17:47:49.221-0500 INFO ....MarkMessage receivedMessage > dameRegistroCadena2,MarkMessage.getContent: Yyw5Mul44Y
2020-05-20T17:47:49.221-0500 INFO ....MarkMessage receivedMessage > dameRegistroCadena3,MarkMessage.getContent: hCHhs0zjTte5
2020-05-20T17:47:49.221-0500 INFO ....MarkMessage receivedMessage > dameRegistroCadena4,MarkMessage.getContent: 1
2020-05-20T17:47:49.221-0500 INFO ....MarkMessage receivedMessage > dameRegistroCadenaa5,MarkMessage.getContent: 222588
2020-05-20T17:47:49.221-0500 INFO ....MarkMessage receivedMessage > MarkMessage.getType: CHAT
2020-05-20T17:47:49.223-0500 INFO ....MarkMessage receivedMessage > MarkMessage.getSender: AAA
2020-05-20T17:47:49.224-0500 INFO ....MarkMessage receivedMessage > MarkMessage.getContent: 44677,Q1Sc7yEerg,NhOY8BJGImtT,3,914747
2020-05-20T17:47:49.224-0500 INFO ....MarkMessage receivedMessage > dameRegistroCadena1,MarkMessage.getContent: 44677
2020-05-20T17:47:49.224-0500 INFO ....MarkMessage receivedMessage > dameRegistroCadena2,MarkMessage.getContent: Q1Sc7yEerg
2020-05-20T17:47:49.224-0500 INFO ....MarkMessage receivedMessage > dameRegistroCadena3,MarkMessage.getContent: NhOY8BJGImtT
2020-05-20T17:47:49.224-0500 INFO ....MarkMessage receivedMessage > dameRegistroCadena4,MarkMessage.getContent: 3
2020-05-20T17:47:49.224-0500 INFO ....MarkMessage receivedMessage > dameRegistroCadenaa5,MarkMessage.getContent: 914747
2020-05-20T17:47:49.224-0500 INFO ....MarkMessage receivedMessage > MarkMessage.getType: CHAT
2020-05-20T17:47:49.249-0500 INFO ....MarkMessage receivedMessage > MarkMessage.getSender: AAA
2020-05-20T17:47:49.249-0500 INFO ....MarkMessage receivedMessage > MarkMessage.getContent: 11724,M4b0wLU8IJ,fNY3Bl16A06b,1,163621
2020-05-20T17:47:49.249-0500 INFO ....MarkMessage receivedMessage > dameRegistroCadena1,MarkMessage.getContent: 11724
2020-05-20T17:47:49.249-0500 INFO ....MarkMessage receivedMessage > dameRegistroCadena2,MarkMessage.getContent: M4b0wLU8IJ
2020-05-20T17:47:49.250-0500 INFO ....MarkMessage receivedMessage > dameRegistroCadena3,MarkMessage.getContent: fNY3Bl16A06b
2020-05-20T17:47:49.250-0500 INFO ....MarkMessage receivedMessage > dameRegistroCadena4,MarkMessage.getContent: 1
2020-05-20T17:47:49.250-0500 INFO ....MarkMessage receivedMessage > dameRegistroCadenaa5,MarkMessage.getContent: 163621
2020-05-20T17:47:49.250-0500 INFO ....MarkMessage receivedMessage > MarkMessage.getType: CHAT
2020-05-22T13:45:14.535-0500 INFO ....MarkMessage register > chatMessage.getSender: AAA
2020-05-22T13:45:14.536-0500 INFO ....MarkMessage register > chatMessage.getContent: null
2020-05-22T13:45:14.536-0500 INFO ....MarkMessage register > chatMessage.getType: JOIN
2020-05-22T13:45:25.578-0500 INFO ....MarkMessage register > chatMessage.getSender: DDDD
2020-05-22T13:45:25.578-0500 INFO ....MarkMessage register > chatMessage.getContent: null
2020-05-22T13:45:25.578-0500 INFO ....MarkMessage register > chatMessage.getType: JOIN
2020-05-22T13:45:32.062-0500 INFO ....MarkMessage sendMessage > MarkMessage.getSender: AAA
2020-05-22T13:45:32.062-0500 INFO ....MarkMessage sendMessage > MarkMessage.getContent: 67205,V81Wlmvc0G,ucyNlsPJ49Fl,3,252062
2020-05-22T13:45:32.063-0500 INFO ....MarkMessage sendMessage > MarkMessage.getType: CHAT
2020-05-22T13:45:32.064-0500 INFO ....MarkMessage sendMessage > MarkMessage.getSender: AAA
2020-05-22T13:45:32.064-0500 INFO ....MarkMessage sendMessage > MarkMessage.getContent: 40907,AaUqTFqTde,bSngOECSUbfG,3,053891
2020-05-22T13:45:32.064-0500 INFO ....MarkMessage sendMessage > MarkMessage.getType: CHAT
2020-05-22T13:45:32.064-0500 INFO ....MarkMessage sendMessage > MarkMessage.getSender: AAA
2020-05-22T13:45:32.064-0500 INFO ....MarkMessage sendMessage > MarkMessage.getContent: 34265,743e0dkmyb,gHrKmvyf81qu,2,787310
2020-05-22T13:45:32.065-0500 INFO ....MarkMessage sendMessage > MarkMessage.getSender: AAA
2020-05-22T13:45:32.065-0500 INFO ....MarkMessage sendMessage > MarkMessage.getType: CHAT
2020-05-22T13:45:32.065-0500 INFO ....MarkMessage sendMessage > MarkMessage.getContent: 56814,Ny3WiFY5gc,pEKCIiCu8Ltz,2,638014
2020-05-22T13:45:32.065-0500 INFO ....MarkMessage sendMessage > MarkMessage.getType: CHAT
2020-05-22T13:45:32.065-0500 INFO ....MarkMessage sendMessage > MarkMessage.getSender: AAA
2020-05-22T13:45:32.065-0500 INFO ....MarkMessage sendMessage > MarkMessage.getContent: 12854,Ayfcb4bzpt,6ptWUr21KM0y,1,413283
2020-05-22T13:45:32.066-0500 INFO ....MarkMessage sendMessage > MarkMessage.getType: CHAT
2020-05-22T13:45:32.090-0500 INFO ....MarkMessage receivedMessage > MarkMessage.getSender: AAA
2020-05-22T13:45:32.090-0500 INFO ....MarkMessage receivedMessage > MarkMessage.getContent: 40907,AaUqTFqTde,bSngOECSUbfG,3,053891
2020-05-22T13:45:32.090-0500 INFO ....MarkMessage receivedMessage > dameRegistroCadena1,MarkMessage.getContent: 40907
2020-05-22T13:45:32.090-0500 INFO ....MarkMessage receivedMessage > dameRegistroCadena2,MarkMessage.getContent: AaUqTFqTde
2020-05-22T13:45:32.090-0500 INFO ....MarkMessage receivedMessage > dameRegistroCadena3,MarkMessage.getContent: bSngOECSUbfG
2020-05-22T13:45:32.090-0500 INFO ....MarkMessage receivedMessage > dameRegistroCadena4,MarkMessage.getContent: 3
2020-05-22T13:45:32.091-0500 INFO ....MarkMessage receivedMessage > dameRegistroCadenaa5,MarkMessage.getContent: 053891
2020-05-22T13:45:32.091-0500 INFO ....MarkMessage receivedMessage > MarkMessage.getType: CHAT
2020-05-22T13:45:32.187-0500 INFO ....MarkMessage receivedMessage > MarkMessage.getSender: AAA
2020-05-22T13:45:32.187-0500 INFO ....MarkMessage receivedMessage > MarkMessage.getContent: 12854,Ayfcb4bzpt,6ptWUr21KM0y,1,413283
2020-05-22T13:45:32.187-0500 INFO ....MarkMessage receivedMessage > dameRegistroCadena1,MarkMessage.getContent: 12854
2020-05-22T13:45:32.187-0500 INFO ....MarkMessage receivedMessage > dameRegistroCadena2,MarkMessage.getContent: Ayfcb4bzpt
2020-05-22T13:45:32.187-0500 INFO ....MarkMessage receivedMessage > dameRegistroCadena3,MarkMessage.getContent: 6ptWUr21KM0y
2020-05-22T13:45:32.187-0500 INFO ....MarkMessage receivedMessage > dameRegistroCadena4,MarkMessage.getContent: 1
2020-05-22T13:45:32.187-0500 INFO ....MarkMessage receivedMessage > dameRegistroCadenaa5,MarkMessage.getContent: 413283
2020-05-22T13:45:32.187-0500 INFO ....MarkMessage receivedMessage > MarkMessage.getType: CHAT
2020-05-22T13:45:32.205-0500 INFO ....MarkMessage receivedMessage > MarkMessage.getSender: AAA
2020-05-22T13:45:32.205-0500 INFO ....MarkMessage receivedMessage > MarkMessage.getContent: 56814,Ny3WiFY5gc,pEKCIiCu8Ltz,2,638014
2020-05-22T13:45:32.205-0500 INFO ....MarkMessage receivedMessage > dameRegistroCadena1,MarkMessage.getContent: 56814
2020-05-22T13:45:32.205-0500 INFO ....MarkMessage receivedMessage > dameRegistroCadena2,MarkMessage.getContent: Ny3WiFY5gc
2020-05-22T13:45:32.205-0500 INFO ....MarkMessage receivedMessage > dameRegistroCadena3,MarkMessage.getContent: pEKCIiCu8Ltz
2020-05-22T13:45:32.205-0500 INFO ....MarkMessage receivedMessage > dameRegistroCadena4,MarkMessage.getContent: 2
2020-05-22T13:45:32.205-0500 INFO ....MarkMessage receivedMessage > dameRegistroCadenaa5,MarkMessage.getContent: 638014
2020-05-22T13:45:32.205-0500 INFO ....MarkMessage receivedMessage > MarkMessage.getType: CHAT
2020-05-22T13:45:32.238-0500 INFO ....MarkMessage receivedMessage > MarkMessage.getSender: AAA
2020-05-22T13:45:32.241-0500 INFO ....MarkMessage receivedMessage > MarkMessage.getContent: 34265,743e0dkmyb,gHrKmvyf81qu,2,787310
2020-05-22T13:45:32.241-0500 INFO ....MarkMessage receivedMessage > dameRegistroCadena1,MarkMessage.getContent: 34265
2020-05-22T13:45:32.241-0500 INFO ....MarkMessage receivedMessage > dameRegistroCadena2,MarkMessage.getContent: 743e0dkmyb
2020-05-22T13:45:32.241-0500 INFO ....MarkMessage receivedMessage > dameRegistroCadena3,MarkMessage.getContent: gHrKmvyf81qu
2020-05-22T13:45:32.241-0500 INFO ....MarkMessage receivedMessage > dameRegistroCadena4,MarkMessage.getContent: 2
2020-05-22T13:45:32.241-0500 INFO ....MarkMessage receivedMessage > dameRegistroCadenaa5,MarkMessage.getContent: 787310
2020-05-22T13:45:32.241-0500 INFO ....MarkMessage receivedMessage > MarkMessage.getType: CHAT
2020-05-22T13:45:32.265-0500 INFO ....MarkMessage receivedMessage > MarkMessage.getSender: AAA
2020-05-22T13:45:32.265-0500 INFO ....MarkMessage receivedMessage > MarkMessage.getContent: 67205,V81Wlmvc0G,ucyNlsPJ49Fl,3,252062
2020-05-22T13:45:32.265-0500 INFO ....MarkMessage receivedMessage > dameRegistroCadena1,MarkMessage.getContent: 67205
2020-05-22T13:45:32.265-0500 INFO ....MarkMessage receivedMessage > dameRegistroCadena2,MarkMessage.getContent: V81Wlmvc0G
2020-05-22T13:45:32.265-0500 INFO ....MarkMessage receivedMessage > dameRegistroCadena3,MarkMessage.getContent: ucyNlsPJ49Fl
2020-05-22T13:45:32.265-0500 INFO ....MarkMessage receivedMessage > dameRegistroCadena4,MarkMessage.getContent: 3
2020-05-22T13:45:32.265-0500 INFO ....MarkMessage receivedMessage > dameRegistroCadenaa5,MarkMessage.getContent: 252062
2020-05-22T13:45:32.265-0500 INFO ....MarkMessage receivedMessage > MarkMessage.getType: CHAT
