2020-05-26T15:02:23.818-0500 DEBUG Loaded expression factory via original TCCL
2020-05-26T15:02:23.826-0500 DEBUG HV000234: Using org.hibernate.validator.messageinterpolation.ResourceBundleMessageInterpolator as ValidatorFactory-scoped message interpolator.
2020-05-26T15:02:23.827-0500 DEBUG HV000234: Using org.hibernate.validator.internal.engine.resolver.JPATraversableResolver as ValidatorFactory-scoped traversable resolver.
2020-05-26T15:02:23.827-0500 DEBUG HV000234: Using org.hibernate.validator.internal.util.ExecutableParameterNameProvider as ValidatorFactory-scoped parameter name provider.
2020-05-26T15:02:23.827-0500 DEBUG HV000234: Using org.hibernate.validator.internal.engine.DefaultClockProvider as ValidatorFactory-scoped clock provider.
2020-05-26T15:02:23.828-0500 DEBUG HV000234: Using org.hibernate.validator.internal.engine.scripting.DefaultScriptEvaluatorFactory as ValidatorFactory-scoped script evaluator factory.
2020-05-26T15:02:26.169-0500 DEBUG PersistenceUnitInfo [
	name: default
	persistence provider classname: null
	classloader: sun.misc.Launcher$AppClassLoader@764c12b6
	excludeUnlistedClasses: true
	JTA datasource: null
	Non JTA datasource: HikariDataSource (null)
	Transaction type: RESOURCE_LOCAL
	PU root URL: file:/D:/SIESROIMONE/Project/SpringToolSuite/Mark01/target/classes/
	Shared Cache Mode: UNSPECIFIED
	Validation Mode: AUTO
	Jar files URLs []
	Managed classes names [
		com.manycode.app.model.RegistroMovto
		com.manycode.app.model.SaldosMovto]
	Mapping files names []
	Properties []
2020-05-26T15:02:26.190-0500 DEBUG Adding Integrator [org.hibernate.cfg.beanvalidation.BeanValidationIntegrator].
2020-05-26T15:02:26.194-0500 DEBUG Adding Integrator [org.hibernate.secure.spi.JaccIntegrator].
2020-05-26T15:02:26.198-0500 DEBUG Adding Integrator [org.hibernate.cache.internal.CollectionCacheInvalidator].
2020-05-26T15:02:26.252-0500 INFO HHH000412: Hibernate ORM core version 5.4.15.Final
2020-05-26T15:02:26.255-0500 DEBUG HHH000206: hibernate.properties not found
2020-05-26T15:02:26.435-0500 DEBUG Overriding existing service binding [org.hibernate.secure.spi.JaccService]
2020-05-26T15:02:26.450-0500 DEBUG Cannot default RegionFactory based on registered strategies as `[]` RegionFactory strategies were registered
2020-05-26T15:02:26.452-0500 DEBUG Cache region factory : org.hibernate.cache.internal.NoCachingRegionFactory
2020-05-26T15:02:26.468-0500 INFO HCANN000001: Hibernate Commons Annotations {5.1.0.Final}
2020-05-26T15:02:26.515-0500 DEBUG Adding type registration boolean -> org.hibernate.type.BooleanType@934b52f
2020-05-26T15:02:26.515-0500 DEBUG Adding type registration boolean -> org.hibernate.type.BooleanType@934b52f
2020-05-26T15:02:26.515-0500 DEBUG Adding type registration java.lang.Boolean -> org.hibernate.type.BooleanType@934b52f
2020-05-26T15:02:26.516-0500 DEBUG Adding type registration numeric_boolean -> org.hibernate.type.NumericBooleanType@5a1c3cb4
2020-05-26T15:02:26.517-0500 DEBUG Adding type registration true_false -> org.hibernate.type.TrueFalseType@2938127d
2020-05-26T15:02:26.518-0500 DEBUG Adding type registration yes_no -> org.hibernate.type.YesNoType@423b2b62
2020-05-26T15:02:26.521-0500 DEBUG Adding type registration byte -> org.hibernate.type.ByteType@48b4a043
2020-05-26T15:02:26.521-0500 DEBUG Adding type registration byte -> org.hibernate.type.ByteType@48b4a043
2020-05-26T15:02:26.521-0500 DEBUG Adding type registration java.lang.Byte -> org.hibernate.type.ByteType@48b4a043
2020-05-26T15:02:26.524-0500 DEBUG Adding type registration character -> org.hibernate.type.CharacterType@41294371
2020-05-26T15:02:26.524-0500 DEBUG Adding type registration char -> org.hibernate.type.CharacterType@41294371
2020-05-26T15:02:26.524-0500 DEBUG Adding type registration java.lang.Character -> org.hibernate.type.CharacterType@41294371
2020-05-26T15:02:26.527-0500 DEBUG Adding type registration short -> org.hibernate.type.ShortType@75d4a80f
2020-05-26T15:02:26.528-0500 DEBUG Adding type registration short -> org.hibernate.type.ShortType@75d4a80f
2020-05-26T15:02:26.528-0500 DEBUG Adding type registration java.lang.Short -> org.hibernate.type.ShortType@75d4a80f
2020-05-26T15:02:26.530-0500 DEBUG Adding type registration integer -> org.hibernate.type.IntegerType@2370ac7a
2020-05-26T15:02:26.530-0500 DEBUG Adding type registration int -> org.hibernate.type.IntegerType@2370ac7a
2020-05-26T15:02:26.531-0500 DEBUG Adding type registration java.lang.Integer -> org.hibernate.type.IntegerType@2370ac7a
2020-05-26T15:02:26.532-0500 DEBUG Adding type registration long -> org.hibernate.type.LongType@58fef7f7
2020-05-26T15:02:26.533-0500 DEBUG Adding type registration long -> org.hibernate.type.LongType@58fef7f7
2020-05-26T15:02:26.533-0500 DEBUG Adding type registration java.lang.Long -> org.hibernate.type.LongType@58fef7f7
2020-05-26T15:02:26.534-0500 DEBUG Adding type registration float -> org.hibernate.type.FloatType@4f9a6c2d
2020-05-26T15:02:26.534-0500 DEBUG Adding type registration float -> org.hibernate.type.FloatType@4f9a6c2d
2020-05-26T15:02:26.534-0500 DEBUG Adding type registration java.lang.Float -> org.hibernate.type.FloatType@4f9a6c2d
2020-05-26T15:02:26.536-0500 DEBUG Adding type registration double -> org.hibernate.type.DoubleType@3d96fa9e
2020-05-26T15:02:26.536-0500 DEBUG Adding type registration double -> org.hibernate.type.DoubleType@3d96fa9e
2020-05-26T15:02:26.537-0500 DEBUG Adding type registration java.lang.Double -> org.hibernate.type.DoubleType@3d96fa9e
2020-05-26T15:02:26.538-0500 DEBUG Adding type registration big_decimal -> org.hibernate.type.BigDecimalType@b887730
2020-05-26T15:02:26.538-0500 DEBUG Adding type registration java.math.BigDecimal -> org.hibernate.type.BigDecimalType@b887730
2020-05-26T15:02:26.540-0500 DEBUG Adding type registration big_integer -> org.hibernate.type.BigIntegerType@439b15f2
2020-05-26T15:02:26.540-0500 DEBUG Adding type registration java.math.BigInteger -> org.hibernate.type.BigIntegerType@439b15f2
2020-05-26T15:02:26.541-0500 DEBUG Adding type registration string -> org.hibernate.type.StringType@3d7fb838
2020-05-26T15:02:26.542-0500 DEBUG Adding type registration java.lang.String -> org.hibernate.type.StringType@3d7fb838
2020-05-26T15:02:26.543-0500 DEBUG Adding type registration nstring -> org.hibernate.type.StringNVarcharType@7a583586
2020-05-26T15:02:26.544-0500 DEBUG Adding type registration ncharacter -> org.hibernate.type.CharacterNCharType@100c8b75
2020-05-26T15:02:26.546-0500 DEBUG Adding type registration url -> org.hibernate.type.UrlType@54e02f6a
2020-05-26T15:02:26.546-0500 DEBUG Adding type registration java.net.URL -> org.hibernate.type.UrlType@54e02f6a
2020-05-26T15:02:26.547-0500 DEBUG Adding type registration Duration -> org.hibernate.type.DurationType@254f906e
2020-05-26T15:02:26.547-0500 DEBUG Adding type registration java.time.Duration -> org.hibernate.type.DurationType@254f906e
2020-05-26T15:02:26.549-0500 DEBUG Adding type registration Instant -> org.hibernate.type.InstantType@7ab34619
2020-05-26T15:02:26.549-0500 DEBUG Adding type registration java.time.Instant -> org.hibernate.type.InstantType@7ab34619
2020-05-26T15:02:26.551-0500 DEBUG Adding type registration LocalDateTime -> org.hibernate.type.LocalDateTimeType@63884e4
2020-05-26T15:02:26.552-0500 DEBUG Adding type registration java.time.LocalDateTime -> org.hibernate.type.LocalDateTimeType@63884e4
2020-05-26T15:02:26.554-0500 DEBUG Adding type registration LocalDate -> org.hibernate.type.LocalDateType@29149030
2020-05-26T15:02:26.555-0500 DEBUG Adding type registration java.time.LocalDate -> org.hibernate.type.LocalDateType@29149030
2020-05-26T15:02:26.556-0500 DEBUG Adding type registration LocalTime -> org.hibernate.type.LocalTimeType@67514bdd
2020-05-26T15:02:26.557-0500 DEBUG Adding type registration java.time.LocalTime -> org.hibernate.type.LocalTimeType@67514bdd
2020-05-26T15:02:26.559-0500 DEBUG Adding type registration OffsetDateTime -> org.hibernate.type.OffsetDateTimeType@34780cd9
2020-05-26T15:02:26.560-0500 DEBUG Adding type registration java.time.OffsetDateTime -> org.hibernate.type.OffsetDateTimeType@34780cd9
2020-05-26T15:02:26.562-0500 DEBUG Adding type registration OffsetTime -> org.hibernate.type.OffsetTimeType@79a04e5f
2020-05-26T15:02:26.563-0500 DEBUG Adding type registration java.time.OffsetTime -> org.hibernate.type.OffsetTimeType@79a04e5f
2020-05-26T15:02:26.565-0500 DEBUG Adding type registration ZonedDateTime -> org.hibernate.type.ZonedDateTimeType@885e7ff
2020-05-26T15:02:26.566-0500 DEBUG Adding type registration java.time.ZonedDateTime -> org.hibernate.type.ZonedDateTimeType@885e7ff
2020-05-26T15:02:26.569-0500 DEBUG Adding type registration date -> org.hibernate.type.DateType@7a485a36
2020-05-26T15:02:26.569-0500 DEBUG Adding type registration java.sql.Date -> org.hibernate.type.DateType@7a485a36
2020-05-26T15:02:26.571-0500 DEBUG Adding type registration time -> org.hibernate.type.TimeType@59696551
2020-05-26T15:02:26.571-0500 DEBUG Adding type registration java.sql.Time -> org.hibernate.type.TimeType@59696551
2020-05-26T15:02:26.573-0500 DEBUG Adding type registration timestamp -> org.hibernate.type.TimestampType@6d6bbd35
2020-05-26T15:02:26.573-0500 DEBUG Adding type registration java.sql.Timestamp -> org.hibernate.type.TimestampType@6d6bbd35
2020-05-26T15:02:26.573-0500 DEBUG Adding type registration java.util.Date -> org.hibernate.type.TimestampType@6d6bbd35
2020-05-26T15:02:26.574-0500 DEBUG Adding type registration dbtimestamp -> org.hibernate.type.DbTimestampType@3b27b497
2020-05-26T15:02:26.576-0500 DEBUG Adding type registration calendar -> org.hibernate.type.CalendarType@1de9b505
2020-05-26T15:02:26.576-0500 DEBUG Adding type registration java.util.Calendar -> org.hibernate.type.CalendarType@1de9b505
2020-05-26T15:02:26.577-0500 DEBUG Adding type registration java.util.GregorianCalendar -> org.hibernate.type.CalendarType@1de9b505
2020-05-26T15:02:26.578-0500 DEBUG Adding type registration calendar_date -> org.hibernate.type.CalendarDateType@378f002a
2020-05-26T15:02:26.579-0500 DEBUG Adding type registration calendar_time -> org.hibernate.type.CalendarTimeType@7a81065e
2020-05-26T15:02:26.580-0500 DEBUG Adding type registration locale -> org.hibernate.type.LocaleType@2eeb0f9b
2020-05-26T15:02:26.580-0500 DEBUG Adding type registration java.util.Locale -> org.hibernate.type.LocaleType@2eeb0f9b
2020-05-26T15:02:26.582-0500 DEBUG Adding type registration currency -> org.hibernate.type.CurrencyType@6cbd0674
2020-05-26T15:02:26.582-0500 DEBUG Adding type registration java.util.Currency -> org.hibernate.type.CurrencyType@6cbd0674
2020-05-26T15:02:26.584-0500 DEBUG Adding type registration timezone -> org.hibernate.type.TimeZoneType@544e8149
2020-05-26T15:02:26.584-0500 DEBUG Adding type registration java.util.TimeZone -> org.hibernate.type.TimeZoneType@544e8149
2020-05-26T15:02:26.586-0500 DEBUG Adding type registration class -> org.hibernate.type.ClassType@46aa712c
2020-05-26T15:02:26.586-0500 DEBUG Adding type registration java.lang.Class -> org.hibernate.type.ClassType@46aa712c
2020-05-26T15:02:26.588-0500 DEBUG Adding type registration uuid-binary -> org.hibernate.type.UUIDBinaryType@45cec376
2020-05-26T15:02:26.588-0500 DEBUG Adding type registration java.util.UUID -> org.hibernate.type.UUIDBinaryType@45cec376
2020-05-26T15:02:26.589-0500 DEBUG Adding type registration uuid-char -> org.hibernate.type.UUIDCharType@2b960a7
2020-05-26T15:02:26.590-0500 DEBUG Adding type registration binary -> org.hibernate.type.BinaryType@459f703f
2020-05-26T15:02:26.591-0500 DEBUG Adding type registration byte[] -> org.hibernate.type.BinaryType@459f703f
2020-05-26T15:02:26.591-0500 DEBUG Adding type registration [B -> org.hibernate.type.BinaryType@459f703f
2020-05-26T15:02:26.593-0500 DEBUG Adding type registration wrapper-binary -> org.hibernate.type.WrapperBinaryType@7a8b9166
2020-05-26T15:02:26.593-0500 DEBUG Adding type registration Byte[] -> org.hibernate.type.WrapperBinaryType@7a8b9166
2020-05-26T15:02:26.593-0500 DEBUG Adding type registration [Ljava.lang.Byte; -> org.hibernate.type.WrapperBinaryType@7a8b9166
2020-05-26T15:02:26.594-0500 DEBUG Adding type registration row_version -> org.hibernate.type.RowVersionType@7e446d92
2020-05-26T15:02:26.595-0500 DEBUG Adding type registration image -> org.hibernate.type.ImageType@44b29496
2020-05-26T15:02:26.597-0500 DEBUG Adding type registration characters -> org.hibernate.type.CharArrayType@7c847072
2020-05-26T15:02:26.597-0500 DEBUG Adding type registration char[] -> org.hibernate.type.CharArrayType@7c847072
2020-05-26T15:02:26.597-0500 DEBUG Adding type registration [C -> org.hibernate.type.CharArrayType@7c847072
2020-05-26T15:02:26.598-0500 DEBUG Adding type registration wrapper-characters -> org.hibernate.type.CharacterArrayType@71e4b308
2020-05-26T15:02:26.599-0500 DEBUG Adding type registration [Ljava.lang.Character; -> org.hibernate.type.CharacterArrayType@71e4b308
2020-05-26T15:02:26.599-0500 DEBUG Adding type registration Character[] -> org.hibernate.type.CharacterArrayType@71e4b308
2020-05-26T15:02:26.599-0500 DEBUG Adding type registration text -> org.hibernate.type.TextType@94e51e8
2020-05-26T15:02:26.600-0500 DEBUG Adding type registration ntext -> org.hibernate.type.NTextType@5a3a1bf9
2020-05-26T15:02:26.604-0500 DEBUG Adding type registration blob -> org.hibernate.type.BlobType@47be0f9b
2020-05-26T15:02:26.605-0500 DEBUG Adding type registration java.sql.Blob -> org.hibernate.type.BlobType@47be0f9b
2020-05-26T15:02:26.606-0500 DEBUG Adding type registration materialized_blob -> org.hibernate.type.MaterializedBlobType@33425811
2020-05-26T15:02:26.610-0500 DEBUG Adding type registration clob -> org.hibernate.type.ClobType@6fa0450e
2020-05-26T15:02:26.610-0500 DEBUG Adding type registration java.sql.Clob -> org.hibernate.type.ClobType@6fa0450e
2020-05-26T15:02:26.612-0500 DEBUG Adding type registration nclob -> org.hibernate.type.NClobType@27e7c77f
2020-05-26T15:02:26.612-0500 DEBUG Adding type registration java.sql.NClob -> org.hibernate.type.NClobType@27e7c77f
2020-05-26T15:02:26.613-0500 DEBUG Adding type registration materialized_clob -> org.hibernate.type.MaterializedClobType@2e869098
2020-05-26T15:02:26.614-0500 DEBUG Adding type registration materialized_nclob -> org.hibernate.type.MaterializedNClobType@617389a
2020-05-26T15:02:26.617-0500 DEBUG Adding type registration serializable -> org.hibernate.type.SerializableType@352ed70d
2020-05-26T15:02:26.620-0500 DEBUG Adding type registration object -> org.hibernate.type.ObjectType@6192a5d5
2020-05-26T15:02:26.621-0500 DEBUG Adding type registration java.lang.Object -> org.hibernate.type.ObjectType@6192a5d5
2020-05-26T15:02:26.622-0500 DEBUG Adding type registration imm_date -> org.hibernate.type.AdaptedImmutableType@2975a9e
2020-05-26T15:02:26.622-0500 DEBUG Adding type registration imm_time -> org.hibernate.type.AdaptedImmutableType@765ffb14
2020-05-26T15:02:26.622-0500 DEBUG Adding type registration imm_timestamp -> org.hibernate.type.AdaptedImmutableType@57562473
2020-05-26T15:02:26.622-0500 DEBUG Adding type registration imm_dbtimestamp -> org.hibernate.type.AdaptedImmutableType@7a360554
2020-05-26T15:02:26.622-0500 DEBUG Adding type registration imm_calendar -> org.hibernate.type.AdaptedImmutableType@424de326
2020-05-26T15:02:26.622-0500 DEBUG Adding type registration imm_calendar_date -> org.hibernate.type.AdaptedImmutableType@4bc33720
2020-05-26T15:02:26.622-0500 DEBUG Adding type registration imm_binary -> org.hibernate.type.AdaptedImmutableType@2dd0f797
2020-05-26T15:02:26.622-0500 DEBUG Adding type registration imm_serializable -> org.hibernate.type.AdaptedImmutableType@67064bdc
2020-05-26T15:02:26.629-0500 DEBUG Injecting JPA temp ClassLoader [org.springframework.instrument.classloading.SimpleThrowawayClassLoader@429f7919] into BootstrapContext; was [null]
2020-05-26T15:02:26.630-0500 DEBUG ClassLoaderAccessImpl#injectTempClassLoader(org.springframework.instrument.classloading.SimpleThrowawayClassLoader@429f7919) [was null]
2020-05-26T15:02:26.630-0500 DEBUG Injecting ScanEnvironment [org.hibernate.jpa.boot.internal.StandardJpaScanEnvironmentImpl@4375b013] into BootstrapContext; was [null]
2020-05-26T15:02:26.631-0500 DEBUG Injecting ScanOptions [org.hibernate.boot.archive.scan.internal.StandardScanOptions@1cf0cacc] into BootstrapContext; was [org.hibernate.boot.archive.scan.internal.StandardScanOptions@4f5b08d]
2020-05-26T15:02:26.646-0500 DEBUG Injecting JPA temp ClassLoader [null] into BootstrapContext; was [org.springframework.instrument.classloading.SimpleThrowawayClassLoader@429f7919]
2020-05-26T15:02:26.646-0500 DEBUG ClassLoaderAccessImpl#injectTempClassLoader(null) [was org.springframework.instrument.classloading.SimpleThrowawayClassLoader@429f7919]
2020-05-26T15:02:26.657-0500 DEBUG Registering IdentifierGenerator strategy [uuid2] -> [org.hibernate.id.UUIDGenerator]
2020-05-26T15:02:26.659-0500 DEBUG Registering IdentifierGenerator strategy [guid] -> [org.hibernate.id.GUIDGenerator]
2020-05-26T15:02:26.660-0500 DEBUG Registering IdentifierGenerator strategy [uuid] -> [org.hibernate.id.UUIDHexGenerator]
2020-05-26T15:02:26.660-0500 DEBUG Registering IdentifierGenerator strategy [uuid.hex] -> [org.hibernate.id.UUIDHexGenerator]
2020-05-26T15:02:26.661-0500 DEBUG Registering IdentifierGenerator strategy [assigned] -> [org.hibernate.id.Assigned]
2020-05-26T15:02:26.663-0500 DEBUG Registering IdentifierGenerator strategy [identity] -> [org.hibernate.id.IdentityGenerator]
2020-05-26T15:02:26.664-0500 DEBUG Registering IdentifierGenerator strategy [select] -> [org.hibernate.id.SelectGenerator]
2020-05-26T15:02:26.667-0500 DEBUG Registering IdentifierGenerator strategy [sequence] -> [org.hibernate.id.enhanced.SequenceStyleGenerator]
2020-05-26T15:02:26.669-0500 DEBUG Registering IdentifierGenerator strategy [seqhilo] -> [org.hibernate.id.SequenceHiLoGenerator]
2020-05-26T15:02:26.669-0500 DEBUG Registering IdentifierGenerator strategy [increment] -> [org.hibernate.id.IncrementGenerator]
2020-05-26T15:02:26.670-0500 DEBUG Registering IdentifierGenerator strategy [foreign] -> [org.hibernate.id.ForeignGenerator]
2020-05-26T15:02:26.671-0500 DEBUG Registering IdentifierGenerator strategy [sequence-identity] -> [org.hibernate.id.SequenceIdentityGenerator]
2020-05-26T15:02:26.672-0500 DEBUG Registering IdentifierGenerator strategy [enhanced-sequence] -> [org.hibernate.id.enhanced.SequenceStyleGenerator]
2020-05-26T15:02:26.674-0500 DEBUG Registering IdentifierGenerator strategy [enhanced-table] -> [org.hibernate.id.enhanced.TableGenerator]
2020-05-26T15:02:27.310-0500 DEBUG Database ->
       name : Microsoft SQL Server
    version : 15.00.2000
      major : 15
      minor : 0
2020-05-26T15:02:27.311-0500 DEBUG Driver ->
       name : Microsoft JDBC Driver 7.4 for SQL Server
    version : 7.4.1.0
      major : 7
      minor : 4
2020-05-26T15:02:27.311-0500 DEBUG JDBC version : 4.2
2020-05-26T15:02:27.322-0500 INFO HHH000400: Using dialect: org.hibernate.dialect.SQLServer2012Dialect
2020-05-26T15:02:27.351-0500 DEBUG IdentifierCaseStrategy for both quoted and unquoted identifiers was set to the same strategy [MIXED]; that will likely lead to problems in schema update and validation if using quoted identifiers
2020-05-26T15:02:27.471-0500 DEBUG HHH000421: Disabling contextual LOB creation as hibernate.jdbc.lob.non_contextual_creation is true
2020-05-26T15:02:27.482-0500 DEBUG Created database namespace [logicalName=Name{catalog=null, schema=null}, physicalName=Name{catalog=null, schema=null}]
2020-05-26T15:02:27.486-0500 DEBUG Scoping TypeConfiguration [org.hibernate.type.spi.TypeConfiguration@7fd987ef] to MetadataBuildingContext [org.hibernate.boot.internal.MetadataBuildingContextRootImpl@7209ffb5]
2020-05-26T15:02:27.528-0500 DEBUG Binding entity from annotated class: com.manycode.app.model.RegistroMovto
2020-05-26T15:02:27.568-0500 DEBUG Binding column: Ejb3DiscriminatorColumn{logicalColumnName'DTYPE', discriminatorTypeName='string'}
2020-05-26T15:02:27.576-0500 DEBUG Import with entity name RegistroMovto
2020-05-26T15:02:27.582-0500 DEBUG Bind entity com.manycode.app.model.RegistroMovto on table tbl_registro_movto
2020-05-26T15:02:27.616-0500 DEBUG Binding column: Ejb3Column{table=org.hibernate.mapping.Table(tbl_registro_movto), mappingColumn=id, insertable=true, updatable=true, unique=false}
2020-05-26T15:02:27.619-0500 DEBUG MetadataSourceProcessor property id with lazy=false
2020-05-26T15:02:27.621-0500 DEBUG Attempting to locate auto-apply AttributeConverter for property [com.manycode.app.model.RegistroMovto:id]
2020-05-26T15:02:27.624-0500 DEBUG building SimpleValue for id
2020-05-26T15:02:27.628-0500 DEBUG Building property id
2020-05-26T15:02:27.635-0500 DEBUG #makeIdGenerator(org.hibernate.mapping.SimpleValue([org.hibernate.mapping.Column(id)]), id, identity, , ...)
2020-05-26T15:02:27.636-0500 DEBUG Binding column: Ejb3Column{table=org.hibernate.mapping.Table(tbl_registro_movto), mappingColumn=create_at, insertable=true, updatable=true, unique=false}
2020-05-26T15:02:27.636-0500 DEBUG MetadataSourceProcessor property createAt with lazy=false
2020-05-26T15:02:27.636-0500 DEBUG Attempting to locate auto-apply AttributeConverter for property [com.manycode.app.model.RegistroMovto:createAt]
2020-05-26T15:02:27.637-0500 DEBUG building SimpleValue for createAt
2020-05-26T15:02:27.637-0500 DEBUG Building property createAt
2020-05-26T15:02:27.639-0500 DEBUG Binding column: Ejb3Column{table=org.hibernate.mapping.Table(tbl_registro_movto), mappingColumn=importe_acumulado, insertable=true, updatable=true, unique=false}
2020-05-26T15:02:27.640-0500 DEBUG MetadataSourceProcessor property importe_acumulado with lazy=false
2020-05-26T15:02:27.640-0500 DEBUG Attempting to locate auto-apply AttributeConverter for property [com.manycode.app.model.RegistroMovto:importe_acumulado]
2020-05-26T15:02:27.640-0500 DEBUG building SimpleValue for importe_acumulado
2020-05-26T15:02:27.640-0500 DEBUG Building property importe_acumulado
2020-05-26T15:02:27.640-0500 DEBUG Binding column: Ejb3Column{table=org.hibernate.mapping.Table(tbl_registro_movto), mappingColumn=importe_movto, insertable=true, updatable=true, unique=false}
2020-05-26T15:02:27.641-0500 DEBUG MetadataSourceProcessor property importe_movto with lazy=false
2020-05-26T15:02:27.641-0500 DEBUG Attempting to locate auto-apply AttributeConverter for property [com.manycode.app.model.RegistroMovto:importe_movto]
2020-05-26T15:02:27.641-0500 DEBUG building SimpleValue for importe_movto
2020-05-26T15:02:27.641-0500 DEBUG Building property importe_movto
2020-05-26T15:02:27.641-0500 DEBUG Binding column: Ejb3Column{table=org.hibernate.mapping.Table(tbl_registro_movto), mappingColumn=messagesender, insertable=true, updatable=true, unique=false}
2020-05-26T15:02:27.642-0500 DEBUG MetadataSourceProcessor property messagesender with lazy=false
2020-05-26T15:02:27.642-0500 DEBUG Attempting to locate auto-apply AttributeConverter for property [com.manycode.app.model.RegistroMovto:messagesender]
2020-05-26T15:02:27.642-0500 DEBUG building SimpleValue for messagesender
2020-05-26T15:02:27.642-0500 DEBUG Building property messagesender
2020-05-26T15:02:27.643-0500 DEBUG Binding column: Ejb3Column{table=org.hibernate.mapping.Table(tbl_registro_movto), mappingColumn=messagetype, insertable=true, updatable=true, unique=false}
2020-05-26T15:02:27.643-0500 DEBUG MetadataSourceProcessor property messagetype with lazy=false
2020-05-26T15:02:27.643-0500 DEBUG Attempting to locate auto-apply AttributeConverter for property [com.manycode.app.model.RegistroMovto:messagetype]
2020-05-26T15:02:27.643-0500 DEBUG building SimpleValue for messagetype
2020-05-26T15:02:27.643-0500 DEBUG Building property messagetype
2020-05-26T15:02:27.643-0500 DEBUG Binding column: Ejb3Column{table=org.hibernate.mapping.Table(tbl_registro_movto), mappingColumn=r_string1, insertable=true, updatable=true, unique=false}
2020-05-26T15:02:27.643-0500 DEBUG MetadataSourceProcessor property rString1 with lazy=false
2020-05-26T15:02:27.644-0500 DEBUG Attempting to locate auto-apply AttributeConverter for property [com.manycode.app.model.RegistroMovto:rString1]
2020-05-26T15:02:27.644-0500 DEBUG building SimpleValue for rString1
2020-05-26T15:02:27.644-0500 DEBUG Building property rString1
2020-05-26T15:02:27.645-0500 DEBUG Binding column: Ejb3Column{table=org.hibernate.mapping.Table(tbl_registro_movto), mappingColumn=r_string2, insertable=true, updatable=true, unique=false}
2020-05-26T15:02:27.646-0500 DEBUG MetadataSourceProcessor property rString2 with lazy=false
2020-05-26T15:02:27.646-0500 DEBUG Attempting to locate auto-apply AttributeConverter for property [com.manycode.app.model.RegistroMovto:rString2]
2020-05-26T15:02:27.646-0500 DEBUG building SimpleValue for rString2
2020-05-26T15:02:27.646-0500 DEBUG Building property rString2
2020-05-26T15:02:27.648-0500 DEBUG Binding column: Ejb3Column{table=org.hibernate.mapping.Table(tbl_registro_movto), mappingColumn=r_string3, insertable=true, updatable=true, unique=false}
2020-05-26T15:02:27.648-0500 DEBUG MetadataSourceProcessor property rString3 with lazy=false
2020-05-26T15:02:27.648-0500 DEBUG Attempting to locate auto-apply AttributeConverter for property [com.manycode.app.model.RegistroMovto:rString3]
2020-05-26T15:02:27.649-0500 DEBUG building SimpleValue for rString3
2020-05-26T15:02:27.649-0500 DEBUG Building property rString3
2020-05-26T15:02:27.649-0500 DEBUG Binding column: Ejb3Column{table=org.hibernate.mapping.Table(tbl_registro_movto), mappingColumn=r_string4, insertable=true, updatable=true, unique=false}
2020-05-26T15:02:27.649-0500 DEBUG MetadataSourceProcessor property rString4 with lazy=false
2020-05-26T15:02:27.649-0500 DEBUG Attempting to locate auto-apply AttributeConverter for property [com.manycode.app.model.RegistroMovto:rString4]
2020-05-26T15:02:27.649-0500 DEBUG building SimpleValue for rString4
2020-05-26T15:02:27.649-0500 DEBUG Building property rString4
2020-05-26T15:02:27.650-0500 DEBUG Binding column: Ejb3Column{table=org.hibernate.mapping.Table(tbl_registro_movto), mappingColumn=status, insertable=true, updatable=true, unique=false}
2020-05-26T15:02:27.650-0500 DEBUG MetadataSourceProcessor property status with lazy=false
2020-05-26T15:02:27.650-0500 DEBUG Attempting to locate auto-apply AttributeConverter for property [com.manycode.app.model.RegistroMovto:status]
2020-05-26T15:02:27.650-0500 DEBUG building SimpleValue for status
2020-05-26T15:02:27.650-0500 DEBUG Building property status
2020-05-26T15:02:27.652-0500 DEBUG Binding entity from annotated class: com.manycode.app.model.SaldosMovto
2020-05-26T15:02:27.652-0500 DEBUG Binding column: Ejb3DiscriminatorColumn{logicalColumnName'DTYPE', discriminatorTypeName='string'}
2020-05-26T15:02:27.652-0500 DEBUG Import with entity name SaldosMovto
2020-05-26T15:02:27.652-0500 DEBUG Bind entity com.manycode.app.model.SaldosMovto on table tbl_saldos_movto
2020-05-26T15:02:27.653-0500 DEBUG Binding column: Ejb3Column{table=org.hibernate.mapping.Table(tbl_saldos_movto), mappingColumn=id, insertable=true, updatable=true, unique=false}
2020-05-26T15:02:27.653-0500 DEBUG MetadataSourceProcessor property id with lazy=false
2020-05-26T15:02:27.654-0500 DEBUG Attempting to locate auto-apply AttributeConverter for property [com.manycode.app.model.SaldosMovto:id]
2020-05-26T15:02:27.654-0500 DEBUG building SimpleValue for id
2020-05-26T15:02:27.654-0500 DEBUG Building property id
2020-05-26T15:02:27.654-0500 DEBUG #makeIdGenerator(org.hibernate.mapping.SimpleValue([org.hibernate.mapping.Column(id)]), id, identity, , ...)
2020-05-26T15:02:27.654-0500 DEBUG Binding column: Ejb3Column{table=org.hibernate.mapping.Table(tbl_saldos_movto), mappingColumn=create_at, insertable=true, updatable=true, unique=false}
2020-05-26T15:02:27.654-0500 DEBUG MetadataSourceProcessor property createAt with lazy=false
2020-05-26T15:02:27.654-0500 DEBUG Attempting to locate auto-apply AttributeConverter for property [com.manycode.app.model.SaldosMovto:createAt]
2020-05-26T15:02:27.654-0500 DEBUG building SimpleValue for createAt
2020-05-26T15:02:27.654-0500 DEBUG Building property createAt
2020-05-26T15:02:27.655-0500 DEBUG Binding column: Ejb3Column{table=org.hibernate.mapping.Table(tbl_saldos_movto), mappingColumn=importe_saldo_movto, insertable=true, updatable=true, unique=false}
2020-05-26T15:02:27.655-0500 DEBUG MetadataSourceProcessor property importe_saldo_movto with lazy=false
2020-05-26T15:02:27.655-0500 DEBUG Attempting to locate auto-apply AttributeConverter for property [com.manycode.app.model.SaldosMovto:importe_saldo_movto]
2020-05-26T15:02:27.655-0500 DEBUG building SimpleValue for importe_saldo_movto
2020-05-26T15:02:27.655-0500 DEBUG Building property importe_saldo_movto
2020-05-26T15:02:27.655-0500 DEBUG Binding column: Ejb3Column{table=org.hibernate.mapping.Table(tbl_saldos_movto), mappingColumn=nombresaldo, insertable=true, updatable=true, unique=false}
2020-05-26T15:02:27.655-0500 DEBUG MetadataSourceProcessor property nombresaldo with lazy=false
2020-05-26T15:02:27.655-0500 DEBUG Attempting to locate auto-apply AttributeConverter for property [com.manycode.app.model.SaldosMovto:nombresaldo]
2020-05-26T15:02:27.655-0500 DEBUG building SimpleValue for nombresaldo
2020-05-26T15:02:27.656-0500 DEBUG Building property nombresaldo
2020-05-26T15:02:27.656-0500 DEBUG Binding column: Ejb3Column{table=org.hibernate.mapping.Table(tbl_saldos_movto), mappingColumn=status, insertable=true, updatable=true, unique=false}
2020-05-26T15:02:27.656-0500 DEBUG MetadataSourceProcessor property status with lazy=false
2020-05-26T15:02:27.656-0500 DEBUG Attempting to locate auto-apply AttributeConverter for property [com.manycode.app.model.SaldosMovto:status]
2020-05-26T15:02:27.657-0500 DEBUG building SimpleValue for status
2020-05-26T15:02:27.657-0500 DEBUG Building property status
2020-05-26T15:02:27.658-0500 DEBUG Starting fillSimpleValue for id
2020-05-26T15:02:27.658-0500 DEBUG Starting fillSimpleValue for createAt
2020-05-26T15:02:27.659-0500 DEBUG Starting fillSimpleValue for importe_acumulado
2020-05-26T15:02:27.659-0500 DEBUG Starting fillSimpleValue for importe_movto
2020-05-26T15:02:27.659-0500 DEBUG Starting fillSimpleValue for messagesender
2020-05-26T15:02:27.660-0500 DEBUG Starting fillSimpleValue for messagetype
2020-05-26T15:02:27.660-0500 DEBUG Starting fillSimpleValue for rString1
2020-05-26T15:02:27.660-0500 DEBUG Starting fillSimpleValue for rString2
2020-05-26T15:02:27.660-0500 DEBUG Starting fillSimpleValue for rString3
2020-05-26T15:02:27.660-0500 DEBUG Starting fillSimpleValue for rString4
2020-05-26T15:02:27.660-0500 DEBUG Starting fillSimpleValue for status
2020-05-26T15:02:27.661-0500 DEBUG Starting fillSimpleValue for id
2020-05-26T15:02:27.661-0500 DEBUG Starting fillSimpleValue for createAt
2020-05-26T15:02:27.661-0500 DEBUG Starting fillSimpleValue for importe_saldo_movto
2020-05-26T15:02:27.661-0500 DEBUG Starting fillSimpleValue for nombresaldo
2020-05-26T15:02:27.661-0500 DEBUG Starting fillSimpleValue for status
2020-05-26T15:02:27.663-0500 DEBUG Forcing column [id] to be non-null as it is part of the primary key for table [tbl_registro_movto]
2020-05-26T15:02:27.663-0500 DEBUG Forcing column [id] to be non-null as it is part of the primary key for table [tbl_saldos_movto]
2020-05-26T15:02:27.697-0500 DEBUG Building session factory
2020-05-26T15:02:27.698-0500 DEBUG SessionFactory name : null
2020-05-26T15:02:27.699-0500 DEBUG Automatic flush during beforeCompletion(): enabled
2020-05-26T15:02:27.699-0500 DEBUG Automatic session close at end of transaction: disabled
2020-05-26T15:02:27.699-0500 DEBUG Statistics: disabled
2020-05-26T15:02:27.699-0500 DEBUG Deleted entity synthetic identifier rollback: disabled
2020-05-26T15:02:27.699-0500 DEBUG Default entity-mode: pojo
2020-05-26T15:02:27.699-0500 DEBUG Check Nullability in Core (should be disabled when Bean Validation is on): enabled
2020-05-26T15:02:27.699-0500 DEBUG Allow initialization of lazy state outside session : disabled
2020-05-26T15:02:27.699-0500 DEBUG Using BatchFetchStyle : LEGACY
2020-05-26T15:02:27.699-0500 DEBUG Default batch fetch size: -1
2020-05-26T15:02:27.699-0500 DEBUG Maximum outer join fetch depth: null
2020-05-26T15:02:27.699-0500 DEBUG Default null ordering: NONE
2020-05-26T15:02:27.699-0500 DEBUG Order SQL updates by primary key: disabled
2020-05-26T15:02:27.700-0500 DEBUG Order SQL inserts for batching: disabled
2020-05-26T15:02:27.700-0500 DEBUG multi-tenancy strategy : NONE
2020-05-26T15:02:27.700-0500 DEBUG JTA Track by Thread: enabled
2020-05-26T15:02:27.700-0500 DEBUG Query language substitutions: {}
2020-05-26T15:02:27.700-0500 DEBUG Named query checking : enabled
2020-05-26T15:02:27.700-0500 DEBUG Second-level cache: disabled
2020-05-26T15:02:27.700-0500 DEBUG Second-level query cache: disabled
2020-05-26T15:02:27.700-0500 DEBUG Second-level query cache factory: null
2020-05-26T15:02:27.700-0500 DEBUG Second-level cache region prefix: null
2020-05-26T15:02:27.700-0500 DEBUG Optimize second-level cache for minimal puts: disabled
2020-05-26T15:02:27.700-0500 DEBUG Structured second-level cache entries: disabled
2020-05-26T15:02:27.700-0500 DEBUG Second-level cache direct-reference entries: disabled
2020-05-26T15:02:27.700-0500 DEBUG Automatic eviction of collection cache: disabled
2020-05-26T15:02:27.701-0500 DEBUG JDBC batch size: 0
2020-05-26T15:02:27.701-0500 DEBUG JDBC batch updates for versioned data: enabled
2020-05-26T15:02:27.701-0500 DEBUG Scrollable result sets: enabled
2020-05-26T15:02:27.701-0500 DEBUG Wrap result sets: disabled
2020-05-26T15:02:27.701-0500 DEBUG JDBC3 getGeneratedKeys(): enabled
2020-05-26T15:02:27.701-0500 DEBUG JDBC result set fetch size: null
2020-05-26T15:02:27.701-0500 DEBUG Connection release mode: ON_CLOSE
2020-05-26T15:02:27.701-0500 DEBUG Generate SQL with comments: disabled
2020-05-26T15:02:27.701-0500 DEBUG JPA compliance - query : disabled
2020-05-26T15:02:27.701-0500 DEBUG JPA compliance - closed-handling : disabled
2020-05-26T15:02:27.701-0500 DEBUG JPA compliance - lists : disabled
2020-05-26T15:02:27.701-0500 DEBUG JPA compliance - transactions : disabled
2020-05-26T15:02:27.773-0500 DEBUG Session factory constructed with filter configurations : {}
2020-05-26T15:02:27.774-0500 DEBUG Instantiating session factory with properties: {sun.desktop=windows, awt.toolkit=sun.awt.windows.WToolkit, hibernate.format_sql=true, hibernate.id.new_generator_mappings=true, java.specification.version=1.8, file.encoding.pkg=sun.io, sun.cpu.isalist=amd64, hibernate.resource.beans.container=org.springframework.orm.hibernate5.SpringBeanContainer@61615b4a, hibernate.connection.handling_mode=DELAYED_ACQUISITION_AND_HOLD, sun.jnu.encoding=Cp1252, hibernate.dialect=org.hibernate.dialect.SQLServer2012Dialect, hibernate.implicit_naming_strategy=org.springframework.boot.orm.jpa.hibernate.SpringImplicitNamingStrategy, com.sun.management.jmxremote.authenticate=false, java.class.path=D:\SIESROIMONE\Project\SpringToolSuite\Mark01\target\classes;C:\Users\SIES\.m2\repository\org\springframework\boot\spring-boot-starter-web\2.2.7.RELEASE\spring-boot-starter-web-2.2.7.RELEASE.jar;C:\Users\SIES\.m2\repository\org\springframework\boot\spring-boot-starter\2.2.7.RELEASE\spring-boot-starter-2.2.7.RELEASE.jar;C:\Users\SIES\.m2\repository\org\springframework\boot\spring-boot\2.2.7.RELEASE\spring-boot-2.2.7.RELEASE.jar;C:\Users\SIES\.m2\repository\org\springframework\boot\spring-boot-autoconfigure\2.2.7.RELEASE\spring-boot-autoconfigure-2.2.7.RELEASE.jar;C:\Users\SIES\.m2\repository\jakarta\annotation\jakarta.annotation-api\1.3.5\jakarta.annotation-api-1.3.5.jar;C:\Users\SIES\.m2\repository\org\yaml\snakeyaml\1.25\snakeyaml-1.25.jar;C:\Users\SIES\.m2\repository\org\springframework\boot\spring-boot-starter-json\2.2.7.RELEASE\spring-boot-starter-json-2.2.7.RELEASE.jar;C:\Users\SIES\.m2\repository\com\fasterxml\jackson\core\jackson-databind\2.10.4\jackson-databind-2.10.4.jar;C:\Users\SIES\.m2\repository\com\fasterxml\jackson\core\jackson-annotations\2.10.4\jackson-annotations-2.10.4.jar;C:\Users\SIES\.m2\repository\com\fasterxml\jackson\core\jackson-core\2.10.4\jackson-core-2.10.4.jar;C:\Users\SIES\.m2\repository\com\fasterxml\jackson\datatype\jackson-datatype-jdk8\2.10.4\jackson-datatype-jdk8-2.10.4.jar;C:\Users\SIES\.m2\repository\com\fasterxml\jackson\datatype\jackson-datatype-jsr310\2.10.4\jackson-datatype-jsr310-2.10.4.jar;C:\Users\SIES\.m2\repository\com\fasterxml\jackson\module\jackson-module-parameter-names\2.10.4\jackson-module-parameter-names-2.10.4.jar;C:\Users\SIES\.m2\repository\org\springframework\boot\spring-boot-starter-tomcat\2.2.7.RELEASE\spring-boot-starter-tomcat-2.2.7.RELEASE.jar;C:\Users\SIES\.m2\repository\org\apache\tomcat\embed\tomcat-embed-core\9.0.34\tomcat-embed-core-9.0.34.jar;C:\Users\SIES\.m2\repository\org\apache\tomcat\embed\tomcat-embed-el\9.0.34\tomcat-embed-el-9.0.34.jar;C:\Users\SIES\.m2\repository\org\apache\tomcat\embed\tomcat-embed-websocket\9.0.34\tomcat-embed-websocket-9.0.34.jar;C:\Users\SIES\.m2\repository\org\springframework\boot\spring-boot-starter-validation\2.2.7.RELEASE\spring-boot-starter-validation-2.2.7.RELEASE.jar;C:\Users\SIES\.m2\repository\jakarta\validation\jakarta.validation-api\2.0.2\jakarta.validation-api-2.0.2.jar;C:\Users\SIES\.m2\repository\org\hibernate\validator\hibernate-validator\6.0.19.Final\hibernate-validator-6.0.19.Final.jar;C:\Users\SIES\.m2\repository\org\springframework\spring-web\5.2.6.RELEASE\spring-web-5.2.6.RELEASE.jar;C:\Users\SIES\.m2\repository\org\springframework\spring-beans\5.2.6.RELEASE\spring-beans-5.2.6.RELEASE.jar;C:\Users\SIES\.m2\repository\org\springframework\spring-webmvc\5.2.6.RELEASE\spring-webmvc-5.2.6.RELEASE.jar;C:\Users\SIES\.m2\repository\org\springframework\spring-aop\5.2.6.RELEASE\spring-aop-5.2.6.RELEASE.jar;C:\Users\SIES\.m2\repository\org\springframework\spring-context\5.2.6.RELEASE\spring-context-5.2.6.RELEASE.jar;C:\Users\SIES\.m2\repository\org\springframework\spring-expression\5.2.6.RELEASE\spring-expression-5.2.6.RELEASE.jar;C:\Users\SIES\.m2\repository\org\springframework\boot\spring-boot-starter-thymeleaf\2.2.7.RELEASE\spring-boot-starter-thymeleaf-2.2.7.RELEASE.jar;C:\Users\SIES\.m2\repository\org\thymeleaf\thymeleaf-spring5\3.0.11.RELEASE\thymeleaf-spring5-3.0.11.RELEASE.jar;C:\Users\SIES\.m2\repository\org\thymeleaf\thymeleaf\3.0.11.RELEASE\thymeleaf-3.0.11.RELEASE.jar;C:\Users\SIES\.m2\repository\org\attoparser\attoparser\2.0.5.RELEASE\attoparser-2.0.5.RELEASE.jar;C:\Users\SIES\.m2\repository\org\unbescape\unbescape\1.1.6.RELEASE\unbescape-1.1.6.RELEASE.jar;C:\Users\SIES\.m2\repository\org\slf4j\slf4j-api\1.7.30\slf4j-api-1.7.30.jar;C:\Users\SIES\.m2\repository\org\thymeleaf\extras\thymeleaf-extras-java8time\3.0.4.RELEASE\thymeleaf-extras-java8time-3.0.4.RELEASE.jar;C:\Users\SIES\.m2\repository\org\springframework\boot\spring-boot-starter-log4j2\2.2.7.RELEASE\spring-boot-starter-log4j2-2.2.7.RELEASE.jar;C:\Users\SIES\.m2\repository\org\apache\logging\log4j\log4j-slf4j-impl\2.12.1\log4j-slf4j-impl-2.12.1.jar;C:\Users\SIES\.m2\repository\org\apache\logging\log4j\log4j-api\2.12.1\log4j-api-2.12.1.jar;C:\Users\SIES\.m2\repository\org\apache\logging\log4j\log4j-core\2.12.1\log4j-core-2.12.1.jar;C:\Users\SIES\.m2\repository\org\apache\logging\log4j\log4j-jul\2.12.1\log4j-jul-2.12.1.jar;C:\Users\SIES\.m2\repository\org\slf4j\jul-to-slf4j\1.7.30\jul-to-slf4j-1.7.30.jar;C:\Users\SIES\.m2\repository\org\springframework\boot\spring-boot-starter-data-jpa\2.2.7.RELEASE\spring-boot-starter-data-jpa-2.2.7.RELEASE.jar;C:\Users\SIES\.m2\repository\org\springframework\boot\spring-boot-starter-aop\2.2.7.RELEASE\spring-boot-starter-aop-2.2.7.RELEASE.jar;C:\Users\SIES\.m2\repository\org\aspectj\aspectjweaver\1.9.5\aspectjweaver-1.9.5.jar;C:\Users\SIES\.m2\repository\org\springframework\boot\spring-boot-starter-jdbc\2.2.7.RELEASE\spring-boot-starter-jdbc-2.2.7.RELEASE.jar;C:\Users\SIES\.m2\repository\com\zaxxer\HikariCP\3.4.3\HikariCP-3.4.3.jar;C:\Users\SIES\.m2\repository\org\springframework\spring-jdbc\5.2.6.RELEASE\spring-jdbc-5.2.6.RELEASE.jar;C:\Users\SIES\.m2\repository\jakarta\persistence\jakarta.persistence-api\2.2.3\jakarta.persistence-api-2.2.3.jar;C:\Users\SIES\.m2\repository\jakarta\transaction\jakarta.transaction-api\1.3.3\jakarta.transaction-api-1.3.3.jar;C:\Users\SIES\.m2\repository\org\hibernate\hibernate-core\5.4.15.Final\hibernate-core-5.4.15.Final.jar;C:\Users\SIES\.m2\repository\org\jboss\logging\jboss-logging\3.4.1.Final\jboss-logging-3.4.1.Final.jar;C:\Users\SIES\.m2\repository\org\javassist\javassist\3.24.0-GA\javassist-3.24.0-GA.jar;C:\Users\SIES\.m2\repository\net\bytebuddy\byte-buddy\1.10.10\byte-buddy-1.10.10.jar;C:\Users\SIES\.m2\repository\antlr\antlr\2.7.7\antlr-2.7.7.jar;C:\Users\SIES\.m2\repository\org\jboss\jandex\2.1.3.Final\jandex-2.1.3.Final.jar;C:\Users\SIES\.m2\repository\com\fasterxml\classmate\1.5.1\classmate-1.5.1.jar;C:\Users\SIES\.m2\repository\org\dom4j\dom4j\2.1.3\dom4j-2.1.3.jar;C:\Users\SIES\.m2\repository\org\hibernate\common\hibernate-commons-annotations\5.1.0.Final\hibernate-commons-annotations-5.1.0.Final.jar;C:\Users\SIES\.m2\repository\org\glassfish\jaxb\jaxb-runtime\2.3.3\jaxb-runtime-2.3.3.jar;C:\Users\SIES\.m2\repository\org\glassfish\jaxb\txw2\2.3.3\txw2-2.3.3.jar;C:\Users\SIES\.m2\repository\com\sun\istack\istack-commons-runtime\3.0.11\istack-commons-runtime-3.0.11.jar;C:\Users\SIES\.m2\repository\com\sun\activation\jakarta.activation\1.2.2\jakarta.activation-1.2.2.jar;C:\Users\SIES\.m2\repository\org\springframework\data\spring-data-jpa\2.2.7.RELEASE\spring-data-jpa-2.2.7.RELEASE.jar;C:\Users\SIES\.m2\repository\org\springframework\data\spring-data-commons\2.2.7.RELEASE\spring-data-commons-2.2.7.RELEASE.jar;C:\Users\SIES\.m2\repository\org\springframework\spring-orm\5.2.6.RELEASE\spring-orm-5.2.6.RELEASE.jar;C:\Users\SIES\.m2\repository\org\springframework\spring-tx\5.2.6.RELEASE\spring-tx-5.2.6.RELEASE.jar;C:\Users\SIES\.m2\repository\org\springframework\spring-aspects\5.2.6.RELEASE\spring-aspects-5.2.6.RELEASE.jar;C:\Users\SIES\.m2\repository\com\microsoft\sqlserver\mssql-jdbc\7.4.1.jre8\mssql-jdbc-7.4.1.jre8.jar;C:\Users\SIES\.m2\repository\org\springframework\boot\spring-boot-starter-websocket\2.2.7.RELEASE\spring-boot-starter-websocket-2.2.7.RELEASE.jar;C:\Users\SIES\.m2\repository\org\springframework\spring-messaging\5.2.6.RELEASE\spring-messaging-5.2.6.RELEASE.jar;C:\Users\SIES\.m2\repository\org\springframework\spring-websocket\5.2.6.RELEASE\spring-websocket-5.2.6.RELEASE.jar;C:\Users\SIES\.m2\repository\org\springframework\boot\spring-boot-starter-reactor-netty\2.2.7.RELEASE\spring-boot-starter-reactor-netty-2.2.7.RELEASE.jar;C:\Users\SIES\.m2\repository\io\projectreactor\netty\reactor-netty\0.9.7.RELEASE\reactor-netty-0.9.7.RELEASE.jar;C:\Users\SIES\.m2\repository\io\netty\netty-codec-http\4.1.49.Final\netty-codec-http-4.1.49.Final.jar;C:\Users\SIES\.m2\repository\io\netty\netty-common\4.1.49.Final\netty-common-4.1.49.Final.jar;C:\Users\SIES\.m2\repository\io\netty\netty-buffer\4.1.49.Final\netty-buffer-4.1.49.Final.jar;C:\Users\SIES\.m2\repository\io\netty\netty-transport\4.1.49.Final\netty-transport-4.1.49.Final.jar;C:\Users\SIES\.m2\repository\io\netty\netty-codec\4.1.49.Final\netty-codec-4.1.49.Final.jar;C:\Users\SIES\.m2\repository\io\netty\netty-codec-http2\4.1.49.Final\netty-codec-http2-4.1.49.Final.jar;C:\Users\SIES\.m2\repository\io\netty\netty-handler\4.1.49.Final\netty-handler-4.1.49.Final.jar;C:\Users\SIES\.m2\repository\io\netty\netty-resolver\4.1.49.Final\netty-resolver-4.1.49.Final.jar;C:\Users\SIES\.m2\repository\io\netty\netty-handler-proxy\4.1.49.Final\netty-handler-proxy-4.1.49.Final.jar;C:\Users\SIES\.m2\repository\io\netty\netty-codec-socks\4.1.49.Final\netty-codec-socks-4.1.49.Final.jar;C:\Users\SIES\.m2\repository\io\netty\netty-transport-native-epoll\4.1.49.Final\netty-transport-native-epoll-4.1.49.Final-linux-x86_64.jar;C:\Users\SIES\.m2\repository\io\netty\netty-transport-native-unix-common\4.1.49.Final\netty-transport-native-unix-common-4.1.49.Final.jar;C:\Users\SIES\.m2\repository\io\projectreactor\reactor-core\3.3.5.RELEASE\reactor-core-3.3.5.RELEASE.jar;C:\Users\SIES\.m2\repository\org\reactivestreams\reactive-streams\1.0.3\reactive-streams-1.0.3.jar;C:\Users\SIES\.m2\repository\org\glassfish\jakarta.el\3.0.3\jakarta.el-3.0.3.jar;C:\Users\SIES\.m2\repository\jakarta\xml\bind\jakarta.xml.bind-api\2.3.3\jakarta.xml.bind-api-2.3.3.jar;C:\Users\SIES\.m2\repository\jakarta\activation\jakarta.activation-api\1.2.2\jakarta.activation-api-1.2.2.jar;C:\Users\SIES\.m2\repository\org\springframework\spring-core\5.2.6.RELEASE\spring-core-5.2.6.RELEASE.jar;C:\Users\SIES\.m2\repository\org\springframework\spring-jcl\5.2.6.RELEASE\spring-jcl-5.2.6.RELEASE.jar, hibernate.jdbc.lob.non_contextual_creation=true, java.vm.vendor=Oracle Corporation, sun.arch.data.model=64, user.variant=, java.vendor.url=http://java.oracle.com/, catalina.useNaming=false, user.timezone=America/Mexico_City, org.apache.logging.log4j.assignedSequences=1627, os.name=Windows 10, java.vm.specification.version=1.8, javax.persistence.validation.mode=AUTO, user.country=MX, sun.java.launcher=SUN_STANDARD, sun.boot.library.path=C:\Program Files\Java\jre1.8.0_251\bin, com.sun.management.jmxremote.ssl=false, sun.java.command=com.manycode.app.Mark01Application --spring.output.ansi.enabled=always, spring.application.admin.enabled=true, javax.persistence.nonJtaDataSource=HikariDataSource (HikariPool-1), hibernate.transaction.jta.platform=org.hibernate.engine.transaction.jta.platform.internal.NoJtaPlatform@721d8ab5, com.sun.management.jmxremote=, javax.persistence.sharedCache.mode=UNSPECIFIED, sun.cpu.endian=little, user.home=C:\Users\SIES, spring.boot.project.name=Mark01, user.language=es, java.specification.vendor=Oracle Corporation, java.home=C:\Program Files\Java\jre1.8.0_251, file.separator=\, line.separator=
, java.vm.specification.vendor=Oracle Corporation, java.specification.name=Java Platform API Specification, hibernate.transaction.coordinator_class=class org.hibernate.resource.transaction.backend.jdbc.internal.JdbcResourceLocalTransactionCoordinatorBuilderImpl, java.awt.graphicsenv=sun.awt.Win32GraphicsEnvironment, java.awt.headless=true, sun.boot.class.path=C:\Program Files\Java\jre1.8.0_251\lib\resources.jar;C:\Program Files\Java\jre1.8.0_251\lib\rt.jar;C:\Program Files\Java\jre1.8.0_251\lib\sunrsasign.jar;C:\Program Files\Java\jre1.8.0_251\lib\jsse.jar;C:\Program Files\Java\jre1.8.0_251\lib\jce.jar;C:\Program Files\Java\jre1.8.0_251\lib\charsets.jar;C:\Program Files\Java\jre1.8.0_251\lib\jfr.jar;C:\Program Files\Java\jre1.8.0_251\classes, hibernate.hbm2ddl.auto=update, user.script=, sun.management.compiler=HotSpot 64-Bit Tiered Compilers, java.runtime.version=1.8.0_251-b08, user.name=SIES, spring.jmx.enabled=true, path.separator=;, os.version=10.0, java.endorsed.dirs=C:\Program Files\Java\jre1.8.0_251\lib\endorsed, java.runtime.name=Java(TM) SE Runtime Environment, file.encoding=UTF-8, hibernate.ejb.persistenceUnitName=default, spring.beaninfo.ignore=true, java.vm.name=Java HotSpot(TM) 64-Bit Server VM, hibernate.show_sql=true, java.vendor.url.bug=http://bugreport.sun.com/bugreport/, java.io.tmpdir=C:\Users\SIES\AppData\Local\Temp\, catalina.home=C:\Users\SIES\AppData\Local\Temp\tomcat.7315907935678556857.8080, com.sun.management.jmxremote.port=53510, java.version=1.8.0_251, hibernate.physical_naming_strategy=org.springframework.boot.orm.jpa.hibernate.SpringPhysicalNamingStrategy, user.dir=D:\SIESROIMONE\Project\SpringToolSuite\Mark01, os.arch=amd64, java.vm.specification.name=Java Virtual Machine Specification, PID=600, java.awt.printerjob=sun.awt.windows.WPrinterJob, sun.os.patch.level=, catalina.base=C:\Users\SIES\AppData\Local\Temp\tomcat.7315907935678556857.8080, hibernate.boot.CfgXmlAccessService.key=org.hibernate.boot.registry.StandardServiceRegistryBuilder$1@33bb3f86, java.library.path=C:\Program Files\Java\jre1.8.0_251\bin;C:\Windows\Sun\Java\bin;C:\Windows\system32;C:\Windows;C:/Program Files/Java/jre1.8.0_251/bin/server;C:/Program Files/Java/jre1.8.0_251/bin;C:/Program Files/Java/jre1.8.0_251/lib/amd64;C:\Program Files (x86)\Common Files\Oracle\Java\javapath;C:\Windows\system32;C:\Windows;C:\Windows\System32\Wbem;C:\Windows\System32\WindowsPowerShell\v1.0\;C:\Windows\System32\OpenSSH\;C:\Program Files\Java\jdk1.8.0_251\bin;C:\Program Files\Git\cmd;C:\Program Files\Microsoft SQL Server\Client SDK\ODBC\170\Tools\Binn\;C:\Program Files (x86)\Microsoft SQL Server\150\Tools\Binn\;C:\Program Files\Microsoft SQL Server\150\Tools\Binn\;C:\Program Files\Microsoft SQL Server\150\DTS\Binn\;C:\Program Files (x86)\Microsoft SQL Server\150\DTS\Binn\;C:\Users\SIES;C:\Users\SIES\.minishift\cache\oc\v3.11.170\windows;C:\Users\SIES\AppData\Local\Microsoft\WindowsApps;;C:\Users\SIES\AppData\Local\Programs\Microsoft VS Code\bin;C:\Program Files\sts-4.6.1.RELEASE;;., java.vendor=Oracle Corporation, java.vm.info=mixed mode, java.vm.version=25.251-b08, hibernate.bytecode.use_reflection_optimizer=false, java.rmi.server.randomIDs=true, java.rmi.server.hostname=localhost, sun.io.unicode.encoding=UnicodeLittle, hibernate.archive.scanner=org.hibernate.boot.archive.scan.internal.DisabledScanner, java.ext.dirs=C:\Program Files\Java\jre1.8.0_251\lib\ext;C:\Windows\Sun\Java\lib\ext, hibernate.connection.datasource=HikariDataSource (HikariPool-1), java.class.version=52.0}
2020-05-26T15:02:27.796-0500 DEBUG Found javax.persistence.Persistence on classpath containing 'getPersistenceUtil'. Assuming JPA 2 environment. Trying to instantiate JPA aware TraversableResolver
2020-05-26T15:02:27.797-0500 DEBUG Instantiated JPA aware TraversableResolver of type org.hibernate.validator.internal.engine.resolver.JPATraversableResolver.
2020-05-26T15:02:27.797-0500 DEBUG Trying to load META-INF/validation.xml for XML based Validator configuration.
2020-05-26T15:02:27.797-0500 DEBUG Trying to load META-INF/validation.xml via TCCL
2020-05-26T15:02:27.798-0500 DEBUG Trying to load META-INF/validation.xml via Hibernate Validator's class loader
2020-05-26T15:02:27.798-0500 DEBUG No META-INF/validation.xml found. Using annotation based configuration only.
2020-05-26T15:02:27.805-0500 DEBUG Loaded expression factory via original TCCL
2020-05-26T15:02:27.805-0500 DEBUG HV000234: Using org.hibernate.validator.messageinterpolation.ResourceBundleMessageInterpolator as ValidatorFactory-scoped message interpolator.
2020-05-26T15:02:27.805-0500 DEBUG HV000234: Using org.hibernate.validator.internal.engine.resolver.JPATraversableResolver as ValidatorFactory-scoped traversable resolver.
2020-05-26T15:02:27.805-0500 DEBUG HV000234: Using org.hibernate.validator.internal.util.ExecutableParameterNameProvider as ValidatorFactory-scoped parameter name provider.
2020-05-26T15:02:27.805-0500 DEBUG HV000234: Using org.hibernate.validator.internal.engine.DefaultClockProvider as ValidatorFactory-scoped clock provider.
2020-05-26T15:02:27.805-0500 DEBUG HV000234: Using org.hibernate.validator.internal.engine.scripting.DefaultScriptEvaluatorFactory as ValidatorFactory-scoped script evaluator factory.
2020-05-26T15:02:27.807-0500 DEBUG Not known whether passed class name [com.manycode.app.model.RegistroMovto] is safe
2020-05-26T15:02:27.807-0500 DEBUG No temp ClassLoader provided; using live ClassLoader for loading potentially unsafe class : com.manycode.app.model.RegistroMovto
2020-05-26T15:02:27.841-0500 DEBUG Not known whether passed class name [com.manycode.app.model.SaldosMovto] is safe
2020-05-26T15:02:27.842-0500 DEBUG No temp ClassLoader provided; using live ClassLoader for loading potentially unsafe class : com.manycode.app.model.SaldosMovto
2020-05-26T15:02:27.849-0500 DEBUG Skipping JACC integration as it was not enabled
2020-05-26T15:02:27.850-0500 DEBUG Instantiated session factory
2020-05-26T15:02:27.850-0500 DEBUG Scoping TypeConfiguration [org.hibernate.type.spi.TypeConfiguration@7fd987ef] to SessionFactoryImpl [org.hibernate.internal.SessionFactoryImpl@ac91282]
2020-05-26T15:02:27.893-0500 DEBUG Not known whether passed class name [com.manycode.app.model.RegistroMovto] is safe
2020-05-26T15:02:27.893-0500 DEBUG No temp ClassLoader provided; using live ClassLoader for loading potentially unsafe class : com.manycode.app.model.RegistroMovto
2020-05-26T15:02:27.925-0500 DEBUG Not known whether passed class name [com.manycode.app.model.RegistroMovto] is safe
2020-05-26T15:02:27.925-0500 DEBUG No temp ClassLoader provided; using live ClassLoader for loading potentially unsafe class : com.manycode.app.model.RegistroMovto
2020-05-26T15:02:28.228-0500 DEBUG Not known whether passed class name [com.manycode.app.model.SaldosMovto] is safe
2020-05-26T15:02:28.228-0500 DEBUG No temp ClassLoader provided; using live ClassLoader for loading potentially unsafe class : com.manycode.app.model.SaldosMovto
2020-05-26T15:02:28.229-0500 DEBUG Not known whether passed class name [com.manycode.app.model.SaldosMovto] is safe
2020-05-26T15:02:28.229-0500 DEBUG No temp ClassLoader provided; using live ClassLoader for loading potentially unsafe class : com.manycode.app.model.SaldosMovto
2020-05-26T15:02:28.253-0500 DEBUG Static SQL for entity: com.manycode.app.model.RegistroMovto
2020-05-26T15:02:28.253-0500 DEBUG  Version select: select id from tbl_registro_movto where id =?
2020-05-26T15:02:28.253-0500 DEBUG  Snapshot select: select registromo_.id, registromo_.create_at as create_a2_0_, registromo_.importe_acumulado as importe_3_0_, registromo_.importe_movto as importe_4_0_, registromo_.messagesender as messages5_0_, registromo_.messagetype as messaget6_0_, registromo_.r_string1 as r_string7_0_, registromo_.r_string2 as r_string8_0_, registromo_.r_string3 as r_string9_0_, registromo_.r_string4 as r_strin10_0_, registromo_.status as status11_0_ from tbl_registro_movto registromo_ where registromo_.id=?
2020-05-26T15:02:28.253-0500 DEBUG  Insert 0: insert into tbl_registro_movto (create_at, importe_acumulado, importe_movto, messagesender, messagetype, r_string1, r_string2, r_string3, r_string4, status, id) values (?, ?, ?, ?, ?, ?, ?, ?, ?, ?, ?)
2020-05-26T15:02:28.253-0500 DEBUG  Update 0: update tbl_registro_movto set create_at=?, importe_acumulado=?, importe_movto=?, messagesender=?, messagetype=?, r_string1=?, r_string2=?, r_string3=?, r_string4=?, status=? where id=?
2020-05-26T15:02:28.253-0500 DEBUG  Delete 0: delete from tbl_registro_movto where id=?
2020-05-26T15:02:28.253-0500 DEBUG  Identity insert: insert into tbl_registro_movto (create_at, importe_acumulado, importe_movto, messagesender, messagetype, r_string1, r_string2, r_string3, r_string4, status) values (?, ?, ?, ?, ?, ?, ?, ?, ?, ?)
2020-05-26T15:02:28.282-0500 DEBUG Adding QuerySpace : uid = <gen:0> -> org.hibernate.loader.plan.build.internal.spaces.EntityQuerySpaceImpl@5ec88f9e]
2020-05-26T15:02:28.284-0500 DEBUG Visiting attribute path : createAt
2020-05-26T15:02:28.285-0500 DEBUG Visiting attribute path : importe_acumulado
2020-05-26T15:02:28.285-0500 DEBUG Visiting attribute path : importe_movto
2020-05-26T15:02:28.285-0500 DEBUG Visiting attribute path : messagesender
2020-05-26T15:02:28.285-0500 DEBUG Visiting attribute path : messagetype
2020-05-26T15:02:28.285-0500 DEBUG Visiting attribute path : rString1
2020-05-26T15:02:28.285-0500 DEBUG Visiting attribute path : rString2
2020-05-26T15:02:28.285-0500 DEBUG Visiting attribute path : rString3
2020-05-26T15:02:28.285-0500 DEBUG Visiting attribute path : rString4
2020-05-26T15:02:28.285-0500 DEBUG Visiting attribute path : status
2020-05-26T15:02:28.286-0500 DEBUG Building LoadPlan...
2020-05-26T15:02:28.307-0500 DEBUG processing queryspace <gen:0>
2020-05-26T15:02:28.314-0500 DEBUG LoadPlan(entity=com.manycode.app.model.RegistroMovto)
    - Returns
       - EntityReturnImpl(entity=com.manycode.app.model.RegistroMovto, querySpaceUid=<gen:0>, path=com.manycode.app.model.RegistroMovto)
    - QuerySpaces
       - EntityQuerySpaceImpl(uid=<gen:0>, entity=com.manycode.app.model.RegistroMovto)
          - SQL table alias mapping - registromo0_
          - alias suffix - 0_
          - suffixed key columns - {id1_0_0_}

2020-05-26T15:02:28.318-0500 DEBUG Static select for entity com.manycode.app.model.RegistroMovto [NONE]: select registromo0_.id as id1_0_0_, registromo0_.create_at as create_a2_0_0_, registromo0_.importe_acumulado as importe_3_0_0_, registromo0_.importe_movto as importe_4_0_0_, registromo0_.messagesender as messages5_0_0_, registromo0_.messagetype as messaget6_0_0_, registromo0_.r_string1 as r_string7_0_0_, registromo0_.r_string2 as r_string8_0_0_, registromo0_.r_string3 as r_string9_0_0_, registromo0_.r_string4 as r_strin10_0_0_, registromo0_.status as status11_0_0_ from tbl_registro_movto registromo0_ where registromo0_.id=?
2020-05-26T15:02:28.318-0500 DEBUG Adding QuerySpace : uid = <gen:0> -> org.hibernate.loader.plan.build.internal.spaces.EntityQuerySpaceImpl@14efa279]
2020-05-26T15:02:28.318-0500 DEBUG Visiting attribute path : createAt
2020-05-26T15:02:28.318-0500 DEBUG Visiting attribute path : importe_acumulado
2020-05-26T15:02:28.319-0500 DEBUG Visiting attribute path : importe_movto
2020-05-26T15:02:28.319-0500 DEBUG Visiting attribute path : messagesender
2020-05-26T15:02:28.319-0500 DEBUG Visiting attribute path : messagetype
2020-05-26T15:02:28.319-0500 DEBUG Visiting attribute path : rString1
2020-05-26T15:02:28.319-0500 DEBUG Visiting attribute path : rString2
2020-05-26T15:02:28.319-0500 DEBUG Visiting attribute path : rString3
2020-05-26T15:02:28.319-0500 DEBUG Visiting attribute path : rString4
2020-05-26T15:02:28.319-0500 DEBUG Visiting attribute path : status
2020-05-26T15:02:28.319-0500 DEBUG Building LoadPlan...
2020-05-26T15:02:28.319-0500 DEBUG processing queryspace <gen:0>
2020-05-26T15:02:28.320-0500 DEBUG LoadPlan(entity=com.manycode.app.model.RegistroMovto)
    - Returns
       - EntityReturnImpl(entity=com.manycode.app.model.RegistroMovto, querySpaceUid=<gen:0>, path=com.manycode.app.model.RegistroMovto)
    - QuerySpaces
       - EntityQuerySpaceImpl(uid=<gen:0>, entity=com.manycode.app.model.RegistroMovto)
          - SQL table alias mapping - registromo0_
          - alias suffix - 0_
          - suffixed key columns - {id1_0_0_}

2020-05-26T15:02:28.320-0500 DEBUG Static select for entity com.manycode.app.model.RegistroMovto [READ]: select registromo0_.id as id1_0_0_, registromo0_.create_at as create_a2_0_0_, registromo0_.importe_acumulado as importe_3_0_0_, registromo0_.importe_movto as importe_4_0_0_, registromo0_.messagesender as messages5_0_0_, registromo0_.messagetype as messaget6_0_0_, registromo0_.r_string1 as r_string7_0_0_, registromo0_.r_string2 as r_string8_0_0_, registromo0_.r_string3 as r_string9_0_0_, registromo0_.r_string4 as r_strin10_0_0_, registromo0_.status as status11_0_0_ from tbl_registro_movto registromo0_ where registromo0_.id=?
2020-05-26T15:02:28.339-0500 DEBUG Static select for action ACTION_MERGE on entity com.manycode.app.model.RegistroMovto: select registromo0_.id as id1_0_0_, registromo0_.create_at as create_a2_0_0_, registromo0_.importe_acumulado as importe_3_0_0_, registromo0_.importe_movto as importe_4_0_0_, registromo0_.messagesender as messages5_0_0_, registromo0_.messagetype as messaget6_0_0_, registromo0_.r_string1 as r_string7_0_0_, registromo0_.r_string2 as r_string8_0_0_, registromo0_.r_string3 as r_string9_0_0_, registromo0_.r_string4 as r_strin10_0_0_, registromo0_.status as status11_0_0_ from tbl_registro_movto registromo0_ where registromo0_.id=?
2020-05-26T15:02:28.339-0500 DEBUG Static select for action ACTION_REFRESH on entity com.manycode.app.model.RegistroMovto: select registromo0_.id as id1_0_0_, registromo0_.create_at as create_a2_0_0_, registromo0_.importe_acumulado as importe_3_0_0_, registromo0_.importe_movto as importe_4_0_0_, registromo0_.messagesender as messages5_0_0_, registromo0_.messagetype as messaget6_0_0_, registromo0_.r_string1 as r_string7_0_0_, registromo0_.r_string2 as r_string8_0_0_, registromo0_.r_string3 as r_string9_0_0_, registromo0_.r_string4 as r_strin10_0_0_, registromo0_.status as status11_0_0_ from tbl_registro_movto registromo0_ where registromo0_.id=?
2020-05-26T15:02:28.340-0500 DEBUG Static SQL for entity: com.manycode.app.model.SaldosMovto
2020-05-26T15:02:28.340-0500 DEBUG  Version select: select id from tbl_saldos_movto where id =?
2020-05-26T15:02:28.340-0500 DEBUG  Snapshot select: select saldosmovt_.id, saldosmovt_.create_at as create_a2_1_, saldosmovt_.importe_saldo_movto as importe_3_1_, saldosmovt_.nombresaldo as nombresa4_1_, saldosmovt_.status as status5_1_ from tbl_saldos_movto saldosmovt_ where saldosmovt_.id=?
2020-05-26T15:02:28.340-0500 DEBUG  Insert 0: insert into tbl_saldos_movto (create_at, importe_saldo_movto, nombresaldo, status, id) values (?, ?, ?, ?, ?)
2020-05-26T15:02:28.341-0500 DEBUG  Update 0: update tbl_saldos_movto set create_at=?, importe_saldo_movto=?, nombresaldo=?, status=? where id=?
2020-05-26T15:02:28.341-0500 DEBUG  Delete 0: delete from tbl_saldos_movto where id=?
2020-05-26T15:02:28.341-0500 DEBUG  Identity insert: insert into tbl_saldos_movto (create_at, importe_saldo_movto, nombresaldo, status) values (?, ?, ?, ?)
2020-05-26T15:02:28.341-0500 DEBUG Adding QuerySpace : uid = <gen:0> -> org.hibernate.loader.plan.build.internal.spaces.EntityQuerySpaceImpl@563ccd31]
2020-05-26T15:02:28.341-0500 DEBUG Visiting attribute path : createAt
2020-05-26T15:02:28.342-0500 DEBUG Visiting attribute path : importe_saldo_movto
2020-05-26T15:02:28.342-0500 DEBUG Visiting attribute path : nombresaldo
2020-05-26T15:02:28.342-0500 DEBUG Visiting attribute path : status
2020-05-26T15:02:28.342-0500 DEBUG Building LoadPlan...
2020-05-26T15:02:28.343-0500 DEBUG processing queryspace <gen:0>
2020-05-26T15:02:28.343-0500 DEBUG LoadPlan(entity=com.manycode.app.model.SaldosMovto)
    - Returns
       - EntityReturnImpl(entity=com.manycode.app.model.SaldosMovto, querySpaceUid=<gen:0>, path=com.manycode.app.model.SaldosMovto)
    - QuerySpaces
       - EntityQuerySpaceImpl(uid=<gen:0>, entity=com.manycode.app.model.SaldosMovto)
          - SQL table alias mapping - saldosmovt0_
          - alias suffix - 0_
          - suffixed key columns - {id1_1_0_}

2020-05-26T15:02:28.343-0500 DEBUG Static select for entity com.manycode.app.model.SaldosMovto [NONE]: select saldosmovt0_.id as id1_1_0_, saldosmovt0_.create_at as create_a2_1_0_, saldosmovt0_.importe_saldo_movto as importe_3_1_0_, saldosmovt0_.nombresaldo as nombresa4_1_0_, saldosmovt0_.status as status5_1_0_ from tbl_saldos_movto saldosmovt0_ where saldosmovt0_.id=?
2020-05-26T15:02:28.343-0500 DEBUG Adding QuerySpace : uid = <gen:0> -> org.hibernate.loader.plan.build.internal.spaces.EntityQuerySpaceImpl@478fb7dc]
2020-05-26T15:02:28.344-0500 DEBUG Visiting attribute path : createAt
2020-05-26T15:02:28.344-0500 DEBUG Visiting attribute path : importe_saldo_movto
2020-05-26T15:02:28.344-0500 DEBUG Visiting attribute path : nombresaldo
2020-05-26T15:02:28.344-0500 DEBUG Visiting attribute path : status
2020-05-26T15:02:28.344-0500 DEBUG Building LoadPlan...
2020-05-26T15:02:28.344-0500 DEBUG processing queryspace <gen:0>
2020-05-26T15:02:28.345-0500 DEBUG LoadPlan(entity=com.manycode.app.model.SaldosMovto)
    - Returns
       - EntityReturnImpl(entity=com.manycode.app.model.SaldosMovto, querySpaceUid=<gen:0>, path=com.manycode.app.model.SaldosMovto)
    - QuerySpaces
       - EntityQuerySpaceImpl(uid=<gen:0>, entity=com.manycode.app.model.SaldosMovto)
          - SQL table alias mapping - saldosmovt0_
          - alias suffix - 0_
          - suffixed key columns - {id1_1_0_}

2020-05-26T15:02:28.345-0500 DEBUG Static select for entity com.manycode.app.model.SaldosMovto [READ]: select saldosmovt0_.id as id1_1_0_, saldosmovt0_.create_at as create_a2_1_0_, saldosmovt0_.importe_saldo_movto as importe_3_1_0_, saldosmovt0_.nombresaldo as nombresa4_1_0_, saldosmovt0_.status as status5_1_0_ from tbl_saldos_movto saldosmovt0_ where saldosmovt0_.id=?
2020-05-26T15:02:28.345-0500 DEBUG Static select for action ACTION_MERGE on entity com.manycode.app.model.SaldosMovto: select saldosmovt0_.id as id1_1_0_, saldosmovt0_.create_at as create_a2_1_0_, saldosmovt0_.importe_saldo_movto as importe_3_1_0_, saldosmovt0_.nombresaldo as nombresa4_1_0_, saldosmovt0_.status as status5_1_0_ from tbl_saldos_movto saldosmovt0_ where saldosmovt0_.id=?
2020-05-26T15:02:28.346-0500 DEBUG Static select for action ACTION_REFRESH on entity com.manycode.app.model.SaldosMovto: select saldosmovt0_.id as id1_1_0_, saldosmovt0_.create_at as create_a2_1_0_, saldosmovt0_.importe_saldo_movto as importe_3_1_0_, saldosmovt0_.nombresaldo as nombresa4_1_0_, saldosmovt0_.status as status5_1_0_ from tbl_saldos_movto saldosmovt0_ where saldosmovt0_.id=?
2020-05-26T15:02:28.814-0500 DEBUG No alter strings for table : tbl_registro_movto
2020-05-26T15:02:28.814-0500 DEBUG No alter strings for table : tbl_saldos_movto
2020-05-26T15:02:28.815-0500 INFO HHH000490: Using JtaPlatform implementation: [org.hibernate.engine.transaction.jta.platform.internal.NoJtaPlatform]
2020-05-26T15:02:28.817-0500 DEBUG Checking 0 named HQL queries
2020-05-26T15:02:28.817-0500 DEBUG Checking 0 named SQL queries
2020-05-26T15:02:28.825-0500 DEBUG Initializing SessionFactoryRegistry : org.hibernate.internal.SessionFactoryRegistry@747f6c5a
2020-05-26T15:02:28.825-0500 DEBUG Registering SessionFactory: ae7b4bbc-54bd-484b-9c13-232be71063c7 (<unnamed>)
2020-05-26T15:02:28.825-0500 DEBUG Not binding SessionFactory to JNDI, no JNDI name configured
2020-05-26T15:02:29.216-0500 DEBUG Statistics initialized [enabled=false]
2020-05-26T15:02:29.672-0500 DEBUG Found javax.persistence.Persistence on classpath containing 'getPersistenceUtil'. Assuming JPA 2 environment. Trying to instantiate JPA aware TraversableResolver
2020-05-26T15:02:29.672-0500 DEBUG Instantiated JPA aware TraversableResolver of type org.hibernate.validator.internal.engine.resolver.JPATraversableResolver.
2020-05-26T15:02:29.672-0500 DEBUG Loaded expression factory via original TCCL
2020-05-26T15:02:29.676-0500 DEBUG Found javax.persistence.Persistence on classpath containing 'getPersistenceUtil'. Assuming JPA 2 environment. Trying to instantiate JPA aware TraversableResolver
2020-05-26T15:02:29.677-0500 DEBUG Instantiated JPA aware TraversableResolver of type org.hibernate.validator.internal.engine.resolver.JPATraversableResolver.
2020-05-26T15:02:29.677-0500 DEBUG Setting custom MessageInterpolator of type org.springframework.validation.beanvalidation.LocaleContextMessageInterpolator
2020-05-26T15:02:29.678-0500 DEBUG Setting custom ConstraintValidatorFactory of type org.springframework.validation.beanvalidation.SpringConstraintValidatorFactory
2020-05-26T15:02:29.678-0500 DEBUG Setting custom ParameterNameProvider of type org.springframework.validation.beanvalidation.LocalValidatorFactoryBean$1
2020-05-26T15:02:29.679-0500 DEBUG Trying to load META-INF/validation.xml for XML based Validator configuration.
2020-05-26T15:02:29.679-0500 DEBUG Trying to load META-INF/validation.xml via user class loader
2020-05-26T15:02:29.680-0500 DEBUG Trying to load META-INF/validation.xml via TCCL
2020-05-26T15:02:29.680-0500 DEBUG Trying to load META-INF/validation.xml via Hibernate Validator's class loader
2020-05-26T15:02:29.680-0500 DEBUG No META-INF/validation.xml found. Using annotation based configuration only.
2020-05-26T15:02:29.685-0500 DEBUG HV000234: Using org.springframework.validation.beanvalidation.LocaleContextMessageInterpolator as ValidatorFactory-scoped message interpolator.
2020-05-26T15:02:29.685-0500 DEBUG HV000234: Using org.hibernate.validator.internal.engine.resolver.JPATraversableResolver as ValidatorFactory-scoped traversable resolver.
2020-05-26T15:02:29.685-0500 DEBUG HV000234: Using org.hibernate.validator.internal.util.ExecutableParameterNameProvider as ValidatorFactory-scoped parameter name provider.
2020-05-26T15:02:29.685-0500 DEBUG HV000234: Using org.hibernate.validator.internal.engine.DefaultClockProvider as ValidatorFactory-scoped clock provider.
2020-05-26T15:02:29.685-0500 DEBUG HV000234: Using org.hibernate.validator.internal.engine.scripting.DefaultScriptEvaluatorFactory as ValidatorFactory-scoped script evaluator factory.
2020-05-26T15:03:13.422-0500 DEBUG HHH000031: Closing
2020-05-26T15:03:13.423-0500 DEBUG Un-scoping TypeConfiguration [org.hibernate.type.spi.TypeConfiguration$Scope@6fccef58] from SessionFactory [org.hibernate.internal.SessionFactoryImpl@ac91282]
2020-05-26T15:03:13.426-0500 DEBUG Implicitly destroying ServiceRegistry on de-registration of all child ServiceRegistries
2020-05-26T15:03:13.426-0500 DEBUG Implicitly destroying Boot-strap registry on de-registration of all child ServiceRegistries
